<?xml version="1.0" encoding="UTF-8"?>
<!-- Generated by org.testng.reporters.JUnitReportReporter -->
<testsuite hostname="DESKTOP-6KH49OM" failures="0" tests="1" name="testing_Fail.Amazon" time="21.777" errors="0" timestamp="2023-09-02T11:08:23 IST" skipped="0">
  <testcase classname="testing_Fail.Amazon" name="amazon1" time="21.777"/>
  <system-out/>
</testsuite> <!-- testing_Fail.Amazon -->
