<?xml version="1.0" encoding="UTF-8"?>
<!-- Generated by org.testng.reporters.JUnitReportReporter -->
<testsuite hostname="DESKTOP-6KH49OM" failures="0" tests="1" name="test_Ng_Sequential.Facebook" time="10.748" errors="0" timestamp="2023-09-01T13:13:38 IST" skipped="0">
  <testcase classname="test_Ng_Sequential.Facebook" name="fb" time="10.748"/>
  <system-out/>
</testsuite> <!-- test_Ng_Sequential.Facebook -->
