<?xml version="1.0" encoding="UTF-8"?>
<!-- Generated by org.testng.reporters.JUnitReportReporter -->
<testsuite hostname="DESKTOP-6KH49OM" failures="0" tests="3" name="test_Ng.DataProvider" time="33.201" errors="0" timestamp="2023-09-02T11:30:21 IST" skipped="0">
  <testcase classname="test_Ng.DataProvider" name="demo" time="10.204"/>
  <system-out/>
  <testcase classname="test_Ng.DataProvider" name="demo" time="9.764"/>
  <system-out/>
  <testcase classname="test_Ng.DataProvider" name="demo" time="13.233"/>
  <system-out/>
</testsuite> <!-- test_Ng.DataProvider -->
