<?xml version="1.0" encoding="UTF-8"?>
<!-- Generated by org.testng.reporters.JUnitReportReporter -->
<testsuite hostname="DESKTOP-6KH49OM" failures="0" tests="1" name="testNg_Distribution.Amazon" time="11.426" errors="0" timestamp="2023-09-01T12:57:25 IST" skipped="0">
  <testcase classname="testNg_Distribution.Amazon" name="amazon" time="11.426"/>
  <system-out/>
</testsuite> <!-- testNg_Distribution.Amazon -->
