<?xml version="1.0" encoding="UTF-8"?>
<!-- Generated by org.testng.reporters.JUnitReportReporter -->
<testsuite hostname="DESKTOP-6KH49OM" failures="0" tests="1" name="TestNg_Group.Sample12" time="0.008" errors="0" timestamp="2023-09-01T12:51:22 IST" skipped="0">
  <testcase classname="TestNg_Group.Sample12" name="sample2" time="0.008"/>
  <system-out/>
</testsuite> <!-- TestNg_Group.Sample12 -->
