<?xml version="1.0" encoding="UTF-8"?>
<!-- Generated by org.testng.reporters.JUnitReportReporter -->
<testsuite hostname="DESKTOP-6KH49OM" failures="0" tests="3" name="test_Ng.Priority_Invocation" time="0.010" errors="0" timestamp="2023-08-31T22:02:15 IST" skipped="1">
  <testcase classname="test_Ng.Priority_Invocation" name="demo3" time="0.001"/>
  <system-out/>
  <testcase classname="test_Ng.Priority_Invocation" name="demo3" time="0.009"/>
  <system-out/>
  <testcase classname="test_Ng.Priority_Invocation" name="demo2">
    <skipped/>
  </testcase> <!-- demo2 -->
  <system-out/>
</testsuite> <!-- test_Ng.Priority_Invocation -->
