<?xml version="1.0" encoding="UTF-8"?>
<!-- Generated by org.testng.reporters.JUnitReportReporter -->
<testsuite hostname="DESKTOP-6KH49OM" failures="0" tests="1" name="test_Ng_Sequential.Amazon" time="22.292" errors="0" timestamp="2023-08-31T22:16:47 IST" skipped="0">
  <testcase classname="test_Ng_Sequential.Amazon" name="amazon" time="22.292"/>
  <system-out/>
</testsuite> <!-- test_Ng_Sequential.Amazon -->
